
=== Р—Р°РїСѓСЃРє 4 РўРѕСЂРіРѕРІР»СЏ.py РІ 2025-05-14 22:48:45 ===
=== Запуск торговли в 2025-05-14 19:48:49 ===
Traceback (most recent call last):
  File "C:\Users\slava\PycharmProjects\Container\bots\xrp_grid\4 Торговля.py", line 318, in <module>
    main()
  File "C:\Users\slava\PycharmProjects\Container\bots\xrp_grid\4 Торговля.py", line 199, in main
    print(f"\U0001f4c1 SYMBOL = {SYMBOL} | EXECUTIONS_PATH = {EXECUTIONS_PATH} | FEATURES_PATH = {FEATURES_PATH}")
  File "C:\Program Files\Python39\lib\encodings\cp1251.py", line 19, in encode
    return codecs.charmap_encode(input,self.errors,encoding_table)[0]
UnicodeEncodeError: 'charmap' codec can't encode character '\U0001f4c1' in position 0: character maps to <undefined>

=== Р—Р°РїСѓСЃРє 4 РўРѕСЂРіРѕРІР»СЏ.py РІ 2025-05-14 22:49:46 ===
=== Запуск торговли в 2025-05-14 19:49:47 ===
Traceback (most recent call last):
  File "C:\Users\slava\PycharmProjects\Container\bots\xrp_grid\4 Торговля.py", line 318, in <module>
    main()
  File "C:\Users\slava\PycharmProjects\Container\bots\xrp_grid\4 Торговля.py", line 199, in main
    print(f"\U0001f4c1 SYMBOL = {SYMBOL} | EXECUTIONS_PATH = {EXECUTIONS_PATH} | FEATURES_PATH = {FEATURES_PATH}")
  File "C:\Program Files\Python39\lib\encodings\cp1251.py", line 19, in encode
    return codecs.charmap_encode(input,self.errors,encoding_table)[0]
UnicodeEncodeError: 'charmap' codec can't encode character '\U0001f4c1' in position 0: character maps to <undefined>

=== Р—Р°РїСѓСЃРє 4 РўРѕСЂРіРѕРІР»СЏ.py РІ 2025-05-14 22:51:15 ===
=== Р—Р°РїСѓСЃРє С‚РѕСЂРіРѕРІР»Рё РІ 2025-05-14 19:51:17 ===
рџ“Ѓ SYMBOL = XRPUSDT | EXECUTIONS_PATH = accounts\acc2\xrp_grid\data\executions.parquet | FEATURES_PATH = strategy_data\xrp_grid\features.parquet
2025-05-14 19:51:17.644824 рџљЂ Р‘РѕС‚ Р·Р°РїСѓС‰РµРЅ. Р¦РёРєР» РєР°Р¶РґСѓСЋ РјРёРЅСѓС‚Сѓ.
2025-05-14 19:51:17.766631 рџ•’ ts = 2025-05-14 16:30:00+00:00 | signal = 0 | open = False | size = 0.0 | orders = 0 | price = 2.5569 | last_size = 0
2025-05-14 19:51:17.766631 рџџЎ РќРёС‡РµРіРѕ РЅРµ РёР·РјРµРЅРёР»РѕСЃСЊ вЂ” Р¶РґС‘Рј СЃР»РµРґСѓСЋС‰СѓСЋ РјРёРЅСѓС‚Сѓ...

=== Р—Р°РїСѓСЃРє 4 РўРѕСЂРіРѕРІР»СЏ.py РІ 2025-05-14 23:03:02 ===
=== Р—Р°РїСѓСЃРє С‚РѕСЂРіРѕРІР»Рё РІ 2025-05-14 20:03:05 ===
рџ“Ѓ SYMBOL = XRPUSDT | EXECUTIONS_PATH = accounts\acc2\xrp_grid\data\executions.parquet | FEATURES_PATH = strategy_data\xrp_grid\features.parquet
2025-05-14 20:03:05.044293 рџљЂ Р‘РѕС‚ Р·Р°РїСѓС‰РµРЅ. Р¦РёРєР» РєР°Р¶РґСѓСЋ РјРёРЅСѓС‚Сѓ.
2025-05-14 20:03:05.165048 рџ•’ ts = 2025-05-14 19:50:00+00:00 | signal = 0 | open = False | size = 0.0 | orders = 0 | price = 2.5572 | last_size = 0
2025-05-14 20:03:05.165048 рџџЎ РќРёС‡РµРіРѕ РЅРµ РёР·РјРµРЅРёР»РѕСЃСЊ вЂ” Р¶РґС‘Рј СЃР»РµРґСѓСЋС‰СѓСЋ РјРёРЅСѓС‚Сѓ...
2025-05-14 20:04:05.032037 рџ•’ ts = 2025-05-14 19:50:00+00:00 | signal = 0 | open = False | size = 0.0 | orders = 0 | price = 2.5625 | last_size = 0.0
2025-05-14 20:04:05.032037 вЏі ts = 2025-05-14 19:50:00+00:00 СѓР¶Рµ РѕР±СЂР°Р±РѕС‚Р°РЅ, РёР·РјРµРЅРµРЅРёР№ РЅРµС‚ вЂ” Р¶РґС‘Рј СЃР»РµРґСѓСЋС‰СѓСЋ РјРёРЅСѓС‚Сѓ...
2025-05-14 20:05:05.095753 рџ•’ ts = 2025-05-14 20:00:00+00:00 | signal = 0 | open = False | size = 0.0 | orders = 0 | price = 2.5596 | last_size = 0.0
2025-05-14 20:05:05.095753 рџџЎ РќРёС‡РµРіРѕ РЅРµ РёР·РјРµРЅРёР»РѕСЃСЊ вЂ” Р¶РґС‘Рј СЃР»РµРґСѓСЋС‰СѓСЋ РјРёРЅСѓС‚Сѓ...
2025-05-14 20:06:05.100703 рџ•’ ts = 2025-05-14 20:00:00+00:00 | signal = 0 | open = False | size = 0.0 | orders = 0 | price = 2.564 | last_size = 0.0
2025-05-14 20:06:05.100703 вЏі ts = 2025-05-14 20:00:00+00:00 СѓР¶Рµ РѕР±СЂР°Р±РѕС‚Р°РЅ, РёР·РјРµРЅРµРЅРёР№ РЅРµС‚ вЂ” Р¶РґС‘Рј СЃР»РµРґСѓСЋС‰СѓСЋ РјРёРЅСѓС‚Сѓ...
2025-05-14 20:07:05.108744 рџ•’ ts = 2025-05-14 20:00:00+00:00 | signal = 0 | open = False | size = 0.0 | orders = 0 | price = 2.5646 | last_size = 0.0
2025-05-14 20:07:05.108744 вЏі ts = 2025-05-14 20:00:00+00:00 СѓР¶Рµ РѕР±СЂР°Р±РѕС‚Р°РЅ, РёР·РјРµРЅРµРЅРёР№ РЅРµС‚ вЂ” Р¶РґС‘Рј СЃР»РµРґСѓСЋС‰СѓСЋ РјРёРЅСѓС‚Сѓ...
2025-05-14 20:08:05.049549 рџ•’ ts = 2025-05-14 20:05:00+00:00 | signal = 0 | open = False | size = 0.0 | orders = 0 | price = 2.5602 | last_size = 0.0
2025-05-14 20:08:05.052155 рџџЎ РќРёС‡РµРіРѕ РЅРµ РёР·РјРµРЅРёР»РѕСЃСЊ вЂ” Р¶РґС‘Рј СЃР»РµРґСѓСЋС‰СѓСЋ РјРёРЅСѓС‚Сѓ...
2025-05-14 20:09:05.045817 рџ•’ ts = 2025-05-14 20:05:00+00:00 | signal = 0 | open = False | size = 0.0 | orders = 0 | price = 2.5601 | last_size = 0.0
2025-05-14 20:09:05.045817 вЏі ts = 2025-05-14 20:05:00+00:00 СѓР¶Рµ РѕР±СЂР°Р±РѕС‚Р°РЅ, РёР·РјРµРЅРµРЅРёР№ РЅРµС‚ вЂ” Р¶РґС‘Рј СЃР»РµРґСѓСЋС‰СѓСЋ РјРёРЅСѓС‚Сѓ...
2025-05-14 20:10:05.057453 рџ•’ ts = 2025-05-14 20:05:00+00:00 | signal = 0 | open = False | size = 0.0 | orders = 0 | price = 2.5614 | last_size = 0.0
2025-05-14 20:10:05.057453 вЏі ts = 2025-05-14 20:05:00+00:00 СѓР¶Рµ РѕР±СЂР°Р±РѕС‚Р°РЅ, РёР·РјРµРЅРµРЅРёР№ РЅРµС‚ вЂ” Р¶РґС‘Рј СЃР»РµРґСѓСЋС‰СѓСЋ РјРёРЅСѓС‚Сѓ...
